[15:44:42] [Client thread/INFO]: Setting user: Player494
[15:44:44] [Client thread/INFO]: LWJGL Version: 2.9.4
[15:44:47] [Client thread/INFO]: Reloading ResourceManager: Default, FMLFileResourcePack:Forge Mod Loader, FMLFileResourcePack:Minecraft Forge
[15:44:48] [Sound Library Loader/INFO]: Starting up SoundSystem...
[15:44:48] [Thread-9/INFO]: Initializing LWJGL OpenAL
[15:44:48] [Thread-9/INFO]: (The LWJGL binding of OpenAL.  For more information, see http://www.lwjgl.org)
[15:44:48] [Thread-9/INFO]: OpenAL initialized.
[15:44:48] [Sound Library Loader/INFO]: Sound engine started
[15:44:52] [Client thread/INFO]: Created: 16x16 textures-atlas
[15:44:53] [Client thread/INFO]: Reloading ResourceManager: Default, FMLFileResourcePack:Forge Mod Loader, FMLFileResourcePack:Minecraft Forge
[15:44:53] [Client thread/INFO]: SoundSystem shutting down...
[15:44:53] [Client thread/WARN]: Author: Paul Lamb, www.paulscode.com
[15:44:53] [Sound Library Loader/INFO]: Starting up SoundSystem...
[15:44:53] [Thread-11/INFO]: Initializing LWJGL OpenAL
[15:44:53] [Thread-11/INFO]: (The LWJGL binding of OpenAL.  For more information, see http://www.lwjgl.org)
[15:44:53] [Thread-11/INFO]: OpenAL initialized.
[15:44:53] [Sound Library Loader/INFO]: Sound engine started
[15:44:57] [Client thread/INFO]: Created: 512x512 textures-atlas
[15:44:58] [Server thread/INFO]: Starting integrated minecraft server version 1.8.9
[15:44:58] [Server thread/INFO]: Generating keypair
[15:44:59] [Server thread/INFO]: Preparing start region for level 0
[15:44:59] [Server thread/INFO]: Changing view distance to 12, from 10
[15:45:01] [Server thread/INFO]: Player494[local:E:b0542212] logged in with entity id 343 at (185.14210607142022, 79.10538413303776, 233.93360639946985)
[15:45:01] [Server thread/INFO]: Player494 加入了游戏
[15:45:20] [Server thread/INFO]: Saving and pausing game...
[15:45:20] [Server thread/INFO]: Saving chunks for level 'New World'/Overworld
[15:45:20] [Server thread/INFO]: Saving chunks for level 'New World'/Nether
[15:45:20] [Server thread/INFO]: Saving chunks for level 'New World'/The End
[15:45:20] [Server thread/INFO]: Stopping server
[15:45:20] [Server thread/INFO]: Saving players
[15:45:20] [Server thread/INFO]: Saving worlds
[15:45:20] [Server thread/INFO]: Saving chunks for level 'New World'/Overworld
[15:45:20] [Server thread/INFO]: Saving chunks for level 'New World'/Nether
[15:45:20] [Server thread/INFO]: Saving chunks for level 'New World'/The End
[15:45:22] [Client thread/INFO]: Stopping!
[15:45:22] [Client thread/INFO]: SoundSystem shutting down...
[15:45:22] [Client thread/WARN]: Author: Paul Lamb, www.paulscode.com
